0 info it worked if it ends with ok
1 verbose cli [ '/home/aaron/.nvm/versions/node/v6.9.5/bin/node',
1 verbose cli   '/home/aaron/.nvm/versions/node/v6.9.5/bin/npm',
1 verbose cli   'run',
1 verbose cli   'gulp' ]
2 info using npm@3.10.10
3 info using node@v6.9.5
4 verbose run-script [ 'pregulp', 'gulp', 'postgulp' ]
5 info lifecycle marbles@0.0.1~pregulp: marbles@0.0.1
6 silly lifecycle marbles@0.0.1~pregulp: no script for pregulp, continuing
7 info lifecycle marbles@0.0.1~gulp: marbles@0.0.1
8 verbose lifecycle marbles@0.0.1~gulp: unsafe-perm in lifecycle true
9 verbose lifecycle marbles@0.0.1~gulp: PATH: /home/aaron/.nvm/versions/node/v6.9.5/lib/node_modules/npm/bin/node-gyp-bin:/home/aaron/workspace/property/node_modules/.bin:/home/aaron/.nvm/versions/node/v6.9.5/bin:/home/aaron/bin:/home/aaron/.local/bin:/usr/local/sbin:/usr/local/bin:/usr/sbin:/usr/bin:/sbin:/bin:/usr/games:/usr/local/games:/snap/bin
10 verbose lifecycle marbles@0.0.1~gulp: CWD: /home/aaron/workspace/property
11 silly lifecycle marbles@0.0.1~gulp: Args: [ '-c', 'gulp' ]
12 silly lifecycle marbles@0.0.1~gulp: Returned: code: 1  signal: null
13 info lifecycle marbles@0.0.1~gulp: Failed to exec gulp script
14 verbose stack Error: marbles@0.0.1 gulp: `gulp`
14 verbose stack Exit status 1
14 verbose stack     at EventEmitter.<anonymous> (/home/aaron/.nvm/versions/node/v6.9.5/lib/node_modules/npm/lib/utils/lifecycle.js:255:16)
14 verbose stack     at emitTwo (events.js:106:13)
14 verbose stack     at EventEmitter.emit (events.js:191:7)
14 verbose stack     at ChildProcess.<anonymous> (/home/aaron/.nvm/versions/node/v6.9.5/lib/node_modules/npm/lib/utils/spawn.js:40:14)
14 verbose stack     at emitTwo (events.js:106:13)
14 verbose stack     at ChildProcess.emit (events.js:191:7)
14 verbose stack     at maybeClose (internal/child_process.js:877:16)
14 verbose stack     at Process.ChildProcess._handle.onexit (internal/child_process.js:226:5)
15 verbose pkgid marbles@0.0.1
16 verbose cwd /home/aaron/workspace/property
17 error Linux 4.8.0-37-generic
18 error argv "/home/aaron/.nvm/versions/node/v6.9.5/bin/node" "/home/aaron/.nvm/versions/node/v6.9.5/bin/npm" "run" "gulp"
19 error node v6.9.5
20 error npm  v3.10.10
21 error code ELIFECYCLE
22 error marbles@0.0.1 gulp: `gulp`
22 error Exit status 1
23 error Failed at the marbles@0.0.1 gulp script 'gulp'.
23 error Make sure you have the latest version of node.js and npm installed.
23 error If you do, this is most likely a problem with the marbles package,
23 error not with npm itself.
23 error Tell the author that this fails on your system:
23 error     gulp
23 error You can get information on how to open an issue for this project with:
23 error     npm bugs marbles
23 error Or if that isn't available, you can get their info via:
23 error     npm owner ls marbles
23 error There is likely additional logging output above.
24 verbose exit [ 1, true ]
